2025-01-21 22:35:27,303 : INFO --> Initializing the Student class
2025-01-21 22:35:27,303 : INFO --> Student ID: 12
2025-01-21 22:35:27,304 : INFO --> Name: John
2025-01-21 22:35:27,305 : INFO --> Email: john.doe@example.com
2025-01-21 22:35:27,305 : INFO --> Mobile Number: 9876543210
2025-01-21 22:35:27,306 : INFO --> Address: 123 Main Street
2025-01-21 22:35:27,306 : INFO --> Gender: male
2025-01-21 22:35:27,307 : INFO --> DOB: 2000-05-15
2025-01-21 22:35:27,307 : INFO --> 10th Marks: 85.0
2025-01-21 22:35:27,308 : INFO --> 12th Marks: 90.5
2025-01-21 22:35:27,308 : DEBUG --> Validating Student ID
2025-01-21 22:35:27,309 : DEBUG --> Validation passed for Student ID
2025-01-21 22:35:27,309 : DEBUG --> Validating Email
2025-01-21 22:35:27,310 : DEBUG --> Validation passed for Email
2025-01-21 22:35:27,310 : DEBUG --> Validating Mobile Number
2025-01-21 22:35:27,311 : DEBUG --> Validation passed for Mobile Number
2025-01-21 22:35:27,311 : DEBUG --> Validating Address
2025-01-21 22:35:27,312 : DEBUG --> Validation passed for Address
2025-01-21 22:35:27,312 : DEBUG --> Validating Gender
2025-01-21 22:35:27,313 : DEBUG --> Validation passed for Gender
2025-01-21 22:35:27,313 : DEBUG --> Validating DOB
2025-01-21 22:35:27,321 : DEBUG --> Validation passed for DOB
2025-01-21 22:35:27,321 : DEBUG --> Validating 10th-grade Marks
2025-01-21 22:35:27,322 : DEBUG --> Validation passed for 10th-grade Marks
2025-01-21 22:35:27,322 : DEBUG --> Validating 12th-grade Marks
2025-01-21 22:35:27,323 : DEBUG --> Validation passed for 12th-grade Marks
2025-01-21 22:46:34,677 : INFO --> Initializing the Student class
2025-01-21 22:46:34,677 : INFO --> Student ID: 12
2025-01-21 22:46:34,678 : INFO --> Name: John
2025-01-21 22:46:34,679 : INFO --> Email: john.doe@example.com
2025-01-21 22:46:34,680 : INFO --> Mobile Number: 9876543210
2025-01-21 22:46:34,680 : INFO --> Address: 123 Main Street
2025-01-21 22:46:34,681 : INFO --> Gender: male
2025-01-21 22:46:34,681 : INFO --> DOB: 2000-05-15
2025-01-21 22:46:34,682 : INFO --> 10th Marks: 85.0
2025-01-21 22:46:34,683 : INFO --> 12th Marks: 90.5
2025-01-21 22:46:34,683 : DEBUG --> Validating Student ID
2025-01-21 22:46:34,684 : DEBUG --> Validation passed for Student ID
2025-01-21 22:46:34,684 : DEBUG --> Validating Email
2025-01-21 22:46:34,685 : DEBUG --> Validation passed for Email
2025-01-21 22:46:34,686 : DEBUG --> Validating Mobile Number
2025-01-21 22:46:34,687 : DEBUG --> Validation passed for Mobile Number
2025-01-21 22:46:34,687 : DEBUG --> Validating Address
2025-01-21 22:46:34,688 : DEBUG --> Validation passed for Address
2025-01-21 22:46:34,689 : DEBUG --> Validating Gender
2025-01-21 22:46:34,689 : DEBUG --> Validation passed for Gender
2025-01-21 22:46:34,690 : DEBUG --> Validating DOB
2025-01-21 22:46:34,700 : DEBUG --> Validation passed for DOB
2025-01-21 22:46:34,701 : DEBUG --> Validating 10th-grade Marks
2025-01-21 22:46:34,702 : DEBUG --> Validation passed for 10th-grade Marks
2025-01-21 22:46:34,703 : DEBUG --> Validating 12th-grade Marks
2025-01-21 22:46:34,704 : DEBUG --> Validation passed for 12th-grade Marks
2025-01-21 22:47:30,915 : INFO --> Initializing the Student class
2025-01-21 22:47:30,918 : INFO --> Student ID: 12
2025-01-21 22:47:30,922 : INFO --> Name: John
2025-01-21 22:47:30,923 : INFO --> Email: john.doe@example.com
2025-01-21 22:47:30,926 : INFO --> Mobile Number: 9876543210
2025-01-21 22:47:30,929 : INFO --> Address: 123 Main Street
2025-01-21 22:47:30,932 : INFO --> Gender: male
2025-01-21 22:47:30,933 : INFO --> DOB: 2000-05-15
2025-01-21 22:47:30,934 : INFO --> 10th Marks: 85.0
2025-01-21 22:47:30,934 : INFO --> 12th Marks: 90.5
2025-01-21 22:47:30,938 : DEBUG --> Validating Student ID
2025-01-21 22:47:30,938 : DEBUG --> Validation passed for Student ID
2025-01-21 22:47:30,939 : DEBUG --> Validating Email
2025-01-21 22:47:30,940 : DEBUG --> Validation passed for Email
2025-01-21 22:47:30,941 : DEBUG --> Validating Mobile Number
2025-01-21 22:47:30,942 : DEBUG --> Validation passed for Mobile Number
2025-01-21 22:47:30,943 : DEBUG --> Validating Address
2025-01-21 22:47:30,944 : DEBUG --> Validation passed for Address
2025-01-21 22:47:30,945 : DEBUG --> Validating Gender
2025-01-21 22:47:30,947 : DEBUG --> Validation passed for Gender
2025-01-21 22:47:30,947 : DEBUG --> Validating DOB
2025-01-21 22:47:30,969 : DEBUG --> Validation passed for DOB
2025-01-21 22:47:30,972 : DEBUG --> Validating 10th-grade Marks
2025-01-21 22:47:30,973 : DEBUG --> Validation passed for 10th-grade Marks
2025-01-21 22:47:30,974 : DEBUG --> Validating 12th-grade Marks
2025-01-21 22:47:30,975 : DEBUG --> Validation passed for 12th-grade Marks
2025-01-21 22:47:30,981 : INFO --> Initializing the Student class
2025-01-21 22:47:30,984 : INFO --> Student ID: 123
2025-01-21 22:47:30,988 : INFO --> Name: Abhi
2025-01-21 22:47:30,992 : INFO --> Email: john.doe@example.com
2025-01-21 22:47:30,992 : INFO --> Mobile Number: 9876543210
2025-01-21 22:47:30,993 : INFO --> Address: 123 Main Street
2025-01-21 22:47:30,995 : INFO --> Gender: male
2025-01-21 22:47:30,996 : INFO --> DOB: 2000-05-15
2025-01-21 22:47:30,998 : INFO --> 10th Marks: 85.0
2025-01-21 22:47:31,000 : INFO --> 12th Marks: 90.5
2025-01-21 22:47:31,001 : DEBUG --> Validating Student ID
2025-01-21 22:47:31,002 : CRITICAL --> Student ID must be a 2-digit number.
2025-01-21 22:47:31,003 : DEBUG --> Validating Email
2025-01-21 22:47:31,007 : DEBUG --> Validation passed for Email
2025-01-21 22:47:31,008 : DEBUG --> Validating Mobile Number
2025-01-21 22:47:31,009 : DEBUG --> Validation passed for Mobile Number
2025-01-21 22:47:31,010 : DEBUG --> Validating Address
2025-01-21 22:47:31,011 : DEBUG --> Validation passed for Address
2025-01-21 22:47:31,012 : DEBUG --> Validating Gender
2025-01-21 22:47:31,013 : DEBUG --> Validation passed for Gender
2025-01-21 22:47:31,015 : DEBUG --> Validating DOB
2025-01-21 22:47:31,016 : DEBUG --> Validation passed for DOB
2025-01-21 22:47:31,022 : DEBUG --> Validating 10th-grade Marks
2025-01-21 22:47:31,024 : DEBUG --> Validation passed for 10th-grade Marks
2025-01-21 22:47:31,025 : DEBUG --> Validating 12th-grade Marks
2025-01-21 22:47:31,027 : DEBUG --> Validation passed for 12th-grade Marks
