2025-01-21 23:14:15,016 : INFO --> Initializing the Student class
2025-01-21 23:14:15,021 : INFO --> Student ID: 123
2025-01-21 23:14:15,025 : INFO --> Name: Abhi
2025-01-21 23:14:15,028 : INFO --> Email: john.doe@example.com
2025-01-21 23:14:15,033 : INFO --> Mobile Number: 9876543210
2025-01-21 23:14:15,037 : INFO --> Address: 123 Main Street
2025-01-21 23:14:15,040 : INFO --> Gender: male
2025-01-21 23:14:15,043 : INFO --> DOB: 2000-05-15
2025-01-21 23:14:15,047 : INFO --> 10th Marks: 85.0
2025-01-21 23:14:15,055 : INFO --> 12th Marks: 90.5
2025-01-21 23:14:15,059 : DEBUG --> Validating Student ID
2025-01-21 23:14:15,063 : CRITICAL --> Student ID must be a 2-digit number.
2025-01-21 23:14:15,069 : DEBUG --> Validating Email
2025-01-21 23:14:15,073 : DEBUG --> Validation passed for Email
2025-01-21 23:14:15,076 : DEBUG --> Validating Mobile Number
2025-01-21 23:14:15,080 : DEBUG --> Validation passed for Mobile Number
2025-01-21 23:14:15,086 : DEBUG --> Validating Address
2025-01-21 23:14:15,090 : DEBUG --> Validation passed for Address
2025-01-21 23:14:15,093 : DEBUG --> Validating Gender
2025-01-21 23:14:15,096 : DEBUG --> Validation passed for Gender
2025-01-21 23:14:15,102 : DEBUG --> Validating DOB
2025-01-21 23:14:15,105 : DEBUG --> Validation passed for DOB
2025-01-21 23:14:15,107 : DEBUG --> Validating 10th-grade Marks
2025-01-21 23:14:15,109 : DEBUG --> Validation passed for 10th-grade Marks
2025-01-21 23:14:15,112 : DEBUG --> Validating 12th-grade Marks
2025-01-21 23:14:15,119 : DEBUG --> Validation passed for 12th-grade Marks
