2025-01-21 23:14:14,905 : INFO --> Initializing the Student class
2025-01-21 23:14:14,908 : INFO --> Student ID: 12
2025-01-21 23:14:14,910 : INFO --> Name: John
2025-01-21 23:14:14,914 : INFO --> Email: john.doe@example.com
2025-01-21 23:14:14,919 : INFO --> Mobile Number: 9876543210
2025-01-21 23:14:14,922 : INFO --> Address: 123 Main Street
2025-01-21 23:14:14,926 : INFO --> Gender: male
2025-01-21 23:14:14,930 : INFO --> DOB: 2000-05-15
2025-01-21 23:14:14,936 : INFO --> 10th Marks: 85.0
2025-01-21 23:14:14,940 : INFO --> 12th Marks: 90.5
2025-01-21 23:14:14,944 : DEBUG --> Validating Student ID
2025-01-21 23:14:14,946 : DEBUG --> Validation passed for Student ID
2025-01-21 23:14:14,951 : DEBUG --> Validating Email
2025-01-21 23:14:14,955 : DEBUG --> Validation passed for Email
2025-01-21 23:14:14,959 : DEBUG --> Validating Mobile Number
2025-01-21 23:14:14,962 : DEBUG --> Validation passed for Mobile Number
2025-01-21 23:14:14,967 : DEBUG --> Validating Address
2025-01-21 23:14:14,971 : DEBUG --> Validation passed for Address
2025-01-21 23:14:14,974 : DEBUG --> Validating Gender
2025-01-21 23:14:14,977 : DEBUG --> Validation passed for Gender
2025-01-21 23:14:14,980 : DEBUG --> Validating DOB
2025-01-21 23:14:14,986 : DEBUG --> Validation passed for DOB
2025-01-21 23:14:14,990 : DEBUG --> Validating 10th-grade Marks
2025-01-21 23:14:14,993 : DEBUG --> Validation passed for 10th-grade Marks
2025-01-21 23:14:14,997 : DEBUG --> Validating 12th-grade Marks
2025-01-21 23:14:15,003 : DEBUG --> Validation passed for 12th-grade Marks
2025-01-21 23:14:15,016 : INFO --> Initializing the Student class
2025-01-21 23:14:15,021 : INFO --> Student ID: 123
2025-01-21 23:14:15,025 : INFO --> Name: Abhi
2025-01-21 23:14:15,028 : INFO --> Email: john.doe@example.com
2025-01-21 23:14:15,033 : INFO --> Mobile Number: 9876543210
2025-01-21 23:14:15,037 : INFO --> Address: 123 Main Street
2025-01-21 23:14:15,040 : INFO --> Gender: male
2025-01-21 23:14:15,043 : INFO --> DOB: 2000-05-15
2025-01-21 23:14:15,047 : INFO --> 10th Marks: 85.0
2025-01-21 23:14:15,055 : INFO --> 12th Marks: 90.5
2025-01-21 23:14:15,059 : DEBUG --> Validating Student ID
2025-01-21 23:14:15,063 : CRITICAL --> Student ID must be a 2-digit number.
2025-01-21 23:14:15,069 : DEBUG --> Validating Email
2025-01-21 23:14:15,073 : DEBUG --> Validation passed for Email
2025-01-21 23:14:15,076 : DEBUG --> Validating Mobile Number
2025-01-21 23:14:15,080 : DEBUG --> Validation passed for Mobile Number
2025-01-21 23:14:15,086 : DEBUG --> Validating Address
2025-01-21 23:14:15,090 : DEBUG --> Validation passed for Address
2025-01-21 23:14:15,093 : DEBUG --> Validating Gender
2025-01-21 23:14:15,096 : DEBUG --> Validation passed for Gender
2025-01-21 23:14:15,102 : DEBUG --> Validating DOB
2025-01-21 23:14:15,105 : DEBUG --> Validation passed for DOB
2025-01-21 23:14:15,107 : DEBUG --> Validating 10th-grade Marks
2025-01-21 23:14:15,109 : DEBUG --> Validation passed for 10th-grade Marks
2025-01-21 23:14:15,112 : DEBUG --> Validating 12th-grade Marks
2025-01-21 23:14:15,119 : DEBUG --> Validation passed for 12th-grade Marks
